INFO     conftest:conftest.py:209 
################################################################################
INFO     conftest:conftest.py:210 ğŸ§ª STARTING TEST: test_login_with_valid_credentials_with_pom
INFO     conftest:conftest.py:211 ################################################################################
INFO     conftest:conftest.py:70 ğŸŒ Launching chrome (headless=True)
INFO     WDM:logger.py:11 ====== WebDriver manager ======
INFO     WDM:logger.py:11 Get LATEST chromedriver version for google-chrome
INFO     WDM:logger.py:11 Get LATEST chromedriver version for google-chrome
INFO     WDM:logger.py:11 Driver [/home/runner/.wdm/drivers/chromedriver/linux64/144.0.7559.109/chromedriver-linux64/chromedriver] found in cache
INFO     conftest:conftest.py:118 âœ… Browser ready
INFO     pages.base_page:base_page.py:46 ğŸ—ï¸ Initialized LoginPage
INFO     pages.login_page:login_page.py:25 ğŸ—ï¸ Initialized LoginPage - URL: https://candileasing.netlify.app/
INFO     tests_pages.test_user_logins:test_user_logins.py:35 ğŸ“‹ Test: Valid Credentials Login
INFO     tests_pages.test_user_logins:test_user_logins.py:37 ğŸ“‹ Step 1: Navigate to login page
INFO     utils.decorators:decorators.py:30 ============================================================
INFO     utils.decorators:decorators.py:31 ğŸ”µ ENTERING: LoginPage.go_to_login_page()
INFO     utils.decorators:decorators.py:84 ğŸ“ Before: URL=data:,, Title=
INFO     pages.login_page:login_page.py:31 ğŸ”„ Navigating to login page: https://candileasing.netlify.app/
INFO     utils.decorators:decorators.py:30 ============================================================
INFO     utils.decorators:decorators.py:31 ğŸ”µ ENTERING: LoginPage.navigate_to()
INFO     utils.decorators:decorators.py:35    ğŸ“¥ Args: ('https://candileasing.netlify.app/',)
INFO     pages.base_page:base_page.py:108 ğŸŒ URL: https://candileasing.netlify.app/
INFO     pages.base_page:base_page.py:111    âœ… Navigation successful
INFO     utils.decorators:decorators.py:46    âœ… SUCCESS
INFO     utils.decorators:decorators.py:49    â±ï¸  Time: 0.158s
INFO     utils.decorators:decorators.py:50 ============================================================

INFO     utils.decorators:decorators.py:94 ğŸ“ After: URL=https://candileasing.netlify.app/, Title=CAndILeasing
INFO     utils.decorators:decorators.py:46    âœ… SUCCESS
INFO     utils.decorators:decorators.py:49    â±ï¸  Time: 0.173s
INFO     utils.decorators:decorators.py:50 ============================================================

INFO     tests_pages.test_user_logins:test_user_logins.py:40 ğŸ“‹ Step 2: Perform login
INFO     utils.decorators:decorators.py:30 ============================================================
INFO     utils.decorators:decorators.py:31 ğŸ”µ ENTERING: LoginPage.login_user()
INFO     utils.decorators:decorators.py:37    ğŸ“¥ Kwargs: {'email': 'ekundayorotimi@gmail.com', 'password': 'PAa@12345'}
INFO     pages.login_page:login_page.py:40 ğŸ” Attempting login with email: ekundayorotimi@gmail.com
INFO     utils.decorators:decorators.py:30 ============================================================
INFO     utils.decorators:decorators.py:31 ğŸ”µ ENTERING: LoginPage.fill_input()
INFO     utils.decorators:decorators.py:35    ğŸ“¥ Args: ('input[name="email"]', 'ekundayorotimi@gmail.com')
INFO     pages.base_page:base_page.py:341 âœï¸ Selector: input[name="email"], Value: ekundayorotimi@gmail.com
INFO     pages.base_page:base_page.py:1044    ğŸ” Element state - Displayed: True, Enabled: True
INFO     pages.base_page:base_page.py:941 ğŸ“œ Scrolling to: input[name="email"]
INFO     pages.base_page:base_page.py:935 ğŸ“œ Scrolling to element
INFO     pages.base_page:base_page.py:363    âœ… Fill successful
INFO     utils.decorators:decorators.py:46    âœ… SUCCESS
INFO     utils.decorators:decorators.py:49    â±ï¸  Time: 2.759s
INFO     utils.decorators:decorators.py:50 ============================================================

INFO     utils.decorators:decorators.py:30 ============================================================
INFO     utils.decorators:decorators.py:31 ğŸ”µ ENTERING: LoginPage.fill_input()
INFO     utils.decorators:decorators.py:35    ğŸ“¥ Args: ('input[name="password"]', 'PAa@12345')
INFO     pages.base_page:base_page.py:341 âœï¸ Selector: input[name="password"], Value: PAa@12345
INFO     pages.base_page:base_page.py:1044    ğŸ” Element state - Displayed: True, Enabled: True
INFO     pages.base_page:base_page.py:941 ğŸ“œ Scrolling to: input[name="password"]
INFO     pages.base_page:base_page.py:935 ğŸ“œ Scrolling to element
INFO     pages.base_page:base_page.py:363    âœ… Fill successful
INFO     utils.decorators:decorators.py:46    âœ… SUCCESS
INFO     utils.decorators:decorators.py:49    â±ï¸  Time: 0.618s
INFO     utils.decorators:decorators.py:50 ============================================================

INFO     utils.decorators:decorators.py:30 ============================================================
INFO     utils.decorators:decorators.py:31 ğŸ”µ ENTERING: LoginPage.click_element()
INFO     utils.decorators:decorators.py:35    ğŸ“¥ Args: ('button[type="submit"][buttontype="primary"]',)
INFO     pages.base_page:base_page.py:255 ğŸ–±ï¸ Selector: button[type="submit"][buttontype="primary"]
INFO     pages.base_page:base_page.py:1044    ğŸ” Element state - Displayed: True, Enabled: True
INFO     pages.base_page:base_page.py:1050       Text: 'Proceed'
INFO     pages.base_page:base_page.py:941 ğŸ“œ Scrolling to: button[type="submit"][buttontype="primary"]
INFO     pages.base_page:base_page.py:935 ğŸ“œ Scrolling to element
INFO     pages.base_page:base_page.py:281    âœ… Click successful
INFO     utils.decorators:decorators.py:46    âœ… SUCCESS
INFO     utils.decorators:decorators.py:49    â±ï¸  Time: 1.307s
INFO     utils.decorators:decorators.py:50 ============================================================

INFO     pages.login_page:login_page.py:46 âœ… Login form submitted
INFO     utils.decorators:decorators.py:46    âœ… SUCCESS
INFO     utils.decorators:decorators.py:49    â±ï¸  Time: 4.685s
INFO     utils.decorators:decorators.py:50 ============================================================

INFO     tests_pages.test_user_logins:test_user_logins.py:46 ğŸ“‹ Step 3: Verify login successful
INFO     utils.decorators:decorators.py:30 ============================================================
INFO     utils.decorators:decorators.py:31 ğŸ”µ ENTERING: LoginPage.verify_login_successful_load_companies()
INFO     pages.login_page:login_page.py:69 âœ… Verifying successful login - checking for company list
INFO     utils.decorators:decorators.py:30 ============================================================
INFO     utils.decorators:decorators.py:31 ğŸ”µ ENTERING: LoginPage.verify_element_visible()
INFO     utils.decorators:decorators.py:35    ğŸ“¥ Args: ('div.uppercase',)
INFO     pages.base_page:base_page.py:761 ğŸ‘ï¸ Verifying visibility: div.uppercase
ERROR    pages.base_page:base_page.py:769    âŒ Element not visible within 30s
INFO     pages.base_page:base_page.py:1067    ğŸ“¸ Screenshot saved: screenshots/element_not_visible_1769965899.png
ERROR    utils.decorators:decorators.py:58    âŒ FAILED: LoginPage.verify_element_visible()
ERROR    utils.decorators:decorators.py:59    ğŸ’¥ Error: AssertionError: Element 'div.uppercase' is not visible
ERROR    utils.decorators:decorators.py:60    â±ï¸  Time: 31.494s
ERROR    utils.decorators:decorators.py:61 ============================================================

ERROR    utils.decorators:decorators.py:58    âŒ FAILED: LoginPage.verify_login_successful_load_companies()
ERROR    utils.decorators:decorators.py:59    ğŸ’¥ Error: AssertionError: Element 'div.uppercase' is not visible
ERROR    utils.decorators:decorators.py:60    â±ï¸  Time: 31.494s
ERROR    utils.decorators:decorators.py:61 ============================================================
INFO     conftest:conftest.py:121 ğŸŒ Closing browser
INFO     conftest:conftest.py:213 
################################################################################
INFO     conftest:conftest.py:214 ğŸ FINISHED TEST: test_login_with_valid_credentials_with_pom
INFO     conftest:conftest.py:215 ################################################################################